This file contains any messages produced by compilers while
running configure, to aid debugging if configure makes a mistake.

It was created by configure, which was
generated by GNU Autoconf 2.68.  Invocation command line was

  $ ./configure --with-openssl=/home/1003-belkin-mailsend/CI005-ipv6-r11916-belkin-20130530/linux/embedded_rootfs/build/openssl-1.0.0a

## --------- ##
## Platform. ##
## --------- ##

hostname = fangchih-fedora
uname -m = i686
uname -r = 2.6.34.9-69.fc13.i686.PAE
uname -s = Linux
uname -v = #1 SMP Tue May 3 09:13:56 UTC 2011

/usr/bin/uname -p = unknown
/bin/uname -X     = unknown

/bin/arch              = i686
/usr/bin/arch -k       = unknown
/usr/convex/getsysinfo = unknown
/usr/bin/hostinfo      = unknown
/bin/machine           = unknown
/usr/bin/oslevel       = unknown
/bin/universe          = unknown

PATH: /home/1003-belkin-mailsend/CI005-ipv6-r11916-belkin-20130530/tools/bin
PATH: /home/1003-belkin-mailsend/CI005-ipv6-r11916-belkin-20130530/host/bin
PATH: /usr/lib/qt-3.3/bin
PATH: /usr/kerberos/sbin
PATH: /usr/kerberos/bin
PATH: /usr/lib/ccache
PATH: /usr/local/sbin
PATH: /usr/local/bin
PATH: /sbin
PATH: /bin
PATH: /usr/sbin
PATH: /usr/bin
PATH: /root/bin


## ----------- ##
## Core tests. ##
## ----------- ##

configure:2119: checking for ranlib
configure:2135: found /usr/bin/ranlib
configure:2146: result: ranlib
configure:2168: checking whether make sets $(MAKE)
configure:2190: result: yes
configure:2248: checking for gcc
configure:2264: found /usr/lib/ccache/gcc
configure:2275: result: gcc
configure:2504: checking for C compiler version
configure:2513: gcc --version >&5
gcc (GCC) 4.4.5 20101112 (Red Hat 4.4.5-2)
Copyright (C) 2010 Free Software Foundation, Inc.
This is free software; see the source for copying conditions.  There is NO
warranty; not even for MERCHANTABILITY or FITNESS FOR A PARTICULAR PURPOSE.

configure:2524: $? = 0
configure:2513: gcc -v >&5
Using built-in specs.
Target: i686-redhat-linux
Configured with: ../configure --prefix=/usr --mandir=/usr/share/man --infodir=/usr/share/info --with-bugurl=http://bugzilla.redhat.com/bugzilla --enable-bootstrap --enable-shared --enable-threads=posix --enable-checking=release --with-system-zlib --enable-__cxa_atexit --disable-libunwind-exceptions --enable-gnu-unique-object --enable-languages=c,c++,objc,obj-c++,java,fortran,ada --enable-java-awt=gtk --disable-dssi --with-java-home=/usr/lib/jvm/java-1.5.0-gcj-1.5.0.0/jre --enable-libgcj-multifile --enable-java-maintainer-mode --with-ecj-jar=/usr/share/java/eclipse-ecj.jar --disable-libjava-multilib --with-ppl --with-cloog --with-tune=generic --with-arch=i686 --build=i686-redhat-linux
Thread model: posix
gcc version 4.4.5 20101112 (Red Hat 4.4.5-2) (GCC) 
configure:2524: $? = 0
configure:2513: gcc -V >&5
gcc: '-V' option must have argument
configure:2524: $? = 1
configure:2513: gcc -qversion >&5
gcc: unrecognized option '-qversion'
gcc: no input files
configure:2524: $? = 1
configure:2544: checking whether the C compiler works
configure:2566: gcc    conftest.c  >&5
configure:2570: $? = 0
configure:2618: result: yes
configure:2621: checking for C compiler default output file name
configure:2623: result: a.out
configure:2629: checking for suffix of executables
configure:2636: gcc -o conftest    conftest.c  >&5
configure:2640: $? = 0
configure:2662: result: 
configure:2684: checking whether we are cross compiling
configure:2692: gcc -o conftest    conftest.c  >&5
configure:2696: $? = 0
configure:2703: ./conftest
configure:2707: $? = 0
configure:2722: result: no
configure:2727: checking for suffix of object files
configure:2749: gcc -c   conftest.c >&5
configure:2753: $? = 0
configure:2774: result: o
configure:2778: checking whether we are using the GNU C compiler
configure:2797: gcc -c   conftest.c >&5
configure:2797: $? = 0
configure:2806: result: yes
configure:2815: checking whether gcc accepts -g
configure:2835: gcc -c -g  conftest.c >&5
configure:2835: $? = 0
configure:2876: result: yes
configure:2893: checking for gcc option to accept ISO C89
configure:2957: gcc  -c -g -O2  conftest.c >&5
configure:2957: $? = 0
configure:2970: result: none needed
configure:2998: checking how to run the C preprocessor
configure:3029: gcc -E  conftest.c
configure:3029: $? = 0
configure:3043: gcc -E  conftest.c
conftest.c:9:28: error: ac_nonexistent.h: No such file or directory
configure:3043: $? = 1
configure: failed program was:
| /* confdefs.h */
| #define PACKAGE_NAME ""
| #define PACKAGE_TARNAME ""
| #define PACKAGE_VERSION ""
| #define PACKAGE_STRING ""
| #define PACKAGE_BUGREPORT ""
| #define PACKAGE_URL ""
| /* end confdefs.h.  */
| #include <ac_nonexistent.h>
configure:3068: result: gcc -E
configure:3088: gcc -E  conftest.c
configure:3088: $? = 0
configure:3102: gcc -E  conftest.c
conftest.c:9:28: error: ac_nonexistent.h: No such file or directory
configure:3102: $? = 1
configure: failed program was:
| /* confdefs.h */
| #define PACKAGE_NAME ""
| #define PACKAGE_TARNAME ""
| #define PACKAGE_VERSION ""
| #define PACKAGE_STRING ""
| #define PACKAGE_BUGREPORT ""
| #define PACKAGE_URL ""
| /* end confdefs.h.  */
| #include <ac_nonexistent.h>
configure:3131: checking for grep that handles long lines and -e
configure:3189: result: /bin/grep
configure:3194: checking for egrep
configure:3256: result: /bin/grep -E
configure:3261: checking for ANSI C header files
configure:3281: gcc -c -g -O2 -Wall  conftest.c >&5
configure:3281: $? = 0
configure:3354: gcc -o conftest -g -O2 -Wall   conftest.c  >&5
configure:3354: $? = 0
configure:3354: ./conftest
configure:3354: $? = 0
configure:3365: result: yes
configure:3378: checking for sys/types.h
configure:3378: gcc -c -g -O2 -Wall  conftest.c >&5
configure:3378: $? = 0
configure:3378: result: yes
configure:3378: checking for sys/stat.h
configure:3378: gcc -c -g -O2 -Wall  conftest.c >&5
configure:3378: $? = 0
configure:3378: result: yes
configure:3378: checking for stdlib.h
configure:3378: gcc -c -g -O2 -Wall  conftest.c >&5
configure:3378: $? = 0
configure:3378: result: yes
configure:3378: checking for string.h
configure:3378: gcc -c -g -O2 -Wall  conftest.c >&5
configure:3378: $? = 0
configure:3378: result: yes
configure:3378: checking for memory.h
configure:3378: gcc -c -g -O2 -Wall  conftest.c >&5
configure:3378: $? = 0
configure:3378: result: yes
configure:3378: checking for strings.h
configure:3378: gcc -c -g -O2 -Wall  conftest.c >&5
configure:3378: $? = 0
configure:3378: result: yes
configure:3378: checking for inttypes.h
configure:3378: gcc -c -g -O2 -Wall  conftest.c >&5
configure:3378: $? = 0
configure:3378: result: yes
configure:3378: checking for stdint.h
configure:3378: gcc -c -g -O2 -Wall  conftest.c >&5
configure:3378: $? = 0
configure:3378: result: yes
configure:3378: checking for unistd.h
configure:3378: gcc -c -g -O2 -Wall  conftest.c >&5
configure:3378: $? = 0
configure:3378: result: yes
configure:3393: checking for string.h
configure:3393: result: yes
configure:3393: checking for strings.h
configure:3393: result: yes
configure:3393: checking for memory.h
configure:3393: result: yes
configure:3393: checking malloc.h usability
configure:3393: gcc -c -g -O2 -Wall  conftest.c >&5
configure:3393: $? = 0
configure:3393: result: yes
configure:3393: checking malloc.h presence
configure:3393: gcc -E  conftest.c
configure:3393: $? = 0
configure:3393: result: yes
configure:3393: checking for malloc.h
configure:3393: result: yes
configure:3393: checking for unistd.h
configure:3393: result: yes
configure:3393: checking ctype.h usability
configure:3393: gcc -c -g -O2 -Wall  conftest.c >&5
configure:3393: $? = 0
configure:3393: result: yes
configure:3393: checking ctype.h presence
configure:3393: gcc -E  conftest.c
configure:3393: $? = 0
configure:3393: result: yes
configure:3393: checking for ctype.h
configure:3393: result: yes
configure:3406: checking limits usability
configure:3406: gcc -c -g -O2 -Wall  conftest.c >&5
conftest.c:58:18: error: limits: No such file or directory
configure:3406: $? = 1
configure: failed program was:
| /* confdefs.h */
| #define PACKAGE_NAME ""
| #define PACKAGE_TARNAME ""
| #define PACKAGE_VERSION ""
| #define PACKAGE_STRING ""
| #define PACKAGE_BUGREPORT ""
| #define PACKAGE_URL ""
| #define STDC_HEADERS 1
| #define HAVE_SYS_TYPES_H 1
| #define HAVE_SYS_STAT_H 1
| #define HAVE_STDLIB_H 1
| #define HAVE_STRING_H 1
| #define HAVE_MEMORY_H 1
| #define HAVE_STRINGS_H 1
| #define HAVE_INTTYPES_H 1
| #define HAVE_STDINT_H 1
| #define HAVE_UNISTD_H 1
| #define HAVE_STRING_H 1
| #define HAVE_STRINGS_H 1
| #define HAVE_MEMORY_H 1
| #define HAVE_MALLOC_H 1
| #define HAVE_UNISTD_H 1
| #define HAVE_CTYPE_H 1
| /* end confdefs.h.  */
| #include <stdio.h>
| #ifdef HAVE_SYS_TYPES_H
| # include <sys/types.h>
| #endif
| #ifdef HAVE_SYS_STAT_H
| # include <sys/stat.h>
| #endif
| #ifdef STDC_HEADERS
| # include <stdlib.h>
| # include <stddef.h>
| #else
| # ifdef HAVE_STDLIB_H
| #  include <stdlib.h>
| # endif
| #endif
| #ifdef HAVE_STRING_H
| # if !defined STDC_HEADERS && defined HAVE_MEMORY_H
| #  include <memory.h>
| # endif
| # include <string.h>
| #endif
| #ifdef HAVE_STRINGS_H
| # include <strings.h>
| #endif
| #ifdef HAVE_INTTYPES_H
| # include <inttypes.h>
| #endif
| #ifdef HAVE_STDINT_H
| # include <stdint.h>
| #endif
| #ifdef HAVE_UNISTD_H
| # include <unistd.h>
| #endif
| #include <limits>
configure:3406: result: no
configure:3406: checking limits presence
configure:3406: gcc -E  conftest.c
conftest.c:25:18: error: limits: No such file or directory
configure:3406: $? = 1
configure: failed program was:
| /* confdefs.h */
| #define PACKAGE_NAME ""
| #define PACKAGE_TARNAME ""
| #define PACKAGE_VERSION ""
| #define PACKAGE_STRING ""
| #define PACKAGE_BUGREPORT ""
| #define PACKAGE_URL ""
| #define STDC_HEADERS 1
| #define HAVE_SYS_TYPES_H 1
| #define HAVE_SYS_STAT_H 1
| #define HAVE_STDLIB_H 1
| #define HAVE_STRING_H 1
| #define HAVE_MEMORY_H 1
| #define HAVE_STRINGS_H 1
| #define HAVE_INTTYPES_H 1
| #define HAVE_STDINT_H 1
| #define HAVE_UNISTD_H 1
| #define HAVE_STRING_H 1
| #define HAVE_STRINGS_H 1
| #define HAVE_MEMORY_H 1
| #define HAVE_MALLOC_H 1
| #define HAVE_UNISTD_H 1
| #define HAVE_CTYPE_H 1
| /* end confdefs.h.  */
| #include <limits>
configure:3406: result: no
configure:3406: checking for limits
configure:3406: result: no
configure:3406: checking for stdint.h
configure:3406: result: yes
configure:3406: checking for sys/types.h
configure:3406: result: yes
configure:3406: checking for stdlib.h
configure:3406: result: yes
configure:3406: checking fcntl.h usability
configure:3406: gcc -c -g -O2 -Wall  conftest.c >&5
configure:3406: $? = 0
configure:3406: result: yes
configure:3406: checking fcntl.h presence
configure:3406: gcc -E  conftest.c
configure:3406: $? = 0
configure:3406: result: yes
configure:3406: checking for fcntl.h
configure:3406: result: yes
configure:3406: checking sys/file.h usability
configure:3406: gcc -c -g -O2 -Wall  conftest.c >&5
configure:3406: $? = 0
configure:3406: result: yes
configure:3406: checking sys/file.h presence
configure:3406: gcc -E  conftest.c
configure:3406: $? = 0
configure:3406: result: yes
configure:3406: checking for sys/file.h
configure:3406: result: yes
configure:3423: checking for flock
configure:3423: gcc -o conftest -g -O2 -Wall   conftest.c  >&5
configure:3423: $? = 0
configure:3423: result: yes
configure:3452: checking for socket
configure:3452: gcc -o conftest -g -O2 -Wall   conftest.c  >&5
configure:3452: $? = 0
configure:3452: result: yes
configure:3620: checking for htonl
configure:3620: gcc -o conftest -g -O2 -Wall   conftest.c  >&5
configure:3620: $? = 0
configure:3620: result: yes
configure:3788: checking for gethostname
configure:3788: gcc -o conftest -g -O2 -Wall   conftest.c  >&5
configure:3788: $? = 0
configure:3788: result: yes
configure:3956: checking for gethostbyaddr
configure:3956: gcc -o conftest -g -O2 -Wall   conftest.c  >&5
configure:3956: $? = 0
configure:3956: result: yes
configure:4124: checking for yp_get_default_domain
configure:4124: gcc -o conftest -g -O2 -Wall   conftest.c  >&5
/tmp/ccDv5WUw.o: In function `main':
/home/1003-belkin-mailsend/CI005-ipv6-r11916-belkin-20130530/linux/embedded_rootfs/pkg_addon/mailsend1.16/conftest.c:69: undefined reference to `yp_get_default_domain'
collect2: ld returned 1 exit status
configure:4124: $? = 1
configure: failed program was:
| /* confdefs.h */
| #define PACKAGE_NAME ""
| #define PACKAGE_TARNAME ""
| #define PACKAGE_VERSION ""
| #define PACKAGE_STRING ""
| #define PACKAGE_BUGREPORT ""
| #define PACKAGE_URL ""
| #define STDC_HEADERS 1
| #define HAVE_SYS_TYPES_H 1
| #define HAVE_SYS_STAT_H 1
| #define HAVE_STDLIB_H 1
| #define HAVE_STRING_H 1
| #define HAVE_MEMORY_H 1
| #define HAVE_STRINGS_H 1
| #define HAVE_INTTYPES_H 1
| #define HAVE_STDINT_H 1
| #define HAVE_UNISTD_H 1
| #define HAVE_STRING_H 1
| #define HAVE_STRINGS_H 1
| #define HAVE_MEMORY_H 1
| #define HAVE_MALLOC_H 1
| #define HAVE_UNISTD_H 1
| #define HAVE_CTYPE_H 1
| #define HAVE_STDINT_H 1
| #define HAVE_SYS_TYPES_H 1
| #define HAVE_STDLIB_H 1
| #define HAVE_FCNTL_H 1
| #define HAVE_SYS_FILE_H 1
| #define HAVE_FLOCK 1
| #define HAVE_SOCKET 1
| #define HAVE_HTONL 1
| #define HAVE_GETHOSTNAME 1
| #define HAVE_GETHOSTBYADDR 1
| /* end confdefs.h.  */
| /* Define yp_get_default_domain to an innocuous variant, in case <limits.h> declares yp_get_default_domain.
|    For example, HP-UX 11i <limits.h> declares gettimeofday.  */
| #define yp_get_default_domain innocuous_yp_get_default_domain
| 
| /* System header to define __stub macros and hopefully few prototypes,
|     which can conflict with char yp_get_default_domain (); below.
|     Prefer <limits.h> to <assert.h> if __STDC__ is defined, since
|     <limits.h> exists even on freestanding compilers.  */
| 
| #ifdef __STDC__
| # include <limits.h>
| #else
| # include <assert.h>
| #endif
| 
| #undef yp_get_default_domain
| 
| /* Override any GCC internal prototype to avoid an error.
|    Use char because int might match the return type of a GCC
|    builtin and then its argument prototype would still apply.  */
| #ifdef __cplusplus
| extern "C"
| #endif
| char yp_get_default_domain ();
| /* The GNU C library defines this for functions which it implements
|     to always fail with ENOSYS.  Some functions are actually named
|     something starting with __ and the normal name is an alias.  */
| #if defined __stub_yp_get_default_domain || defined __stub___yp_get_default_domain
| choke me
| #endif
| 
| int
| main ()
| {
| return yp_get_default_domain ();
|   ;
|   return 0;
| }
configure:4124: result: no
configure:4128: checking for __yp_get_default_domain
configure:4128: gcc -o conftest -g -O2 -Wall   conftest.c  >&5
/tmp/ccdFu1eC.o: In function `main':
/home/1003-belkin-mailsend/CI005-ipv6-r11916-belkin-20130530/linux/embedded_rootfs/pkg_addon/mailsend1.16/conftest.c:69: undefined reference to `__yp_get_default_domain'
collect2: ld returned 1 exit status
configure:4128: $? = 1
configure: failed program was:
| /* confdefs.h */
| #define PACKAGE_NAME ""
| #define PACKAGE_TARNAME ""
| #define PACKAGE_VERSION ""
| #define PACKAGE_STRING ""
| #define PACKAGE_BUGREPORT ""
| #define PACKAGE_URL ""
| #define STDC_HEADERS 1
| #define HAVE_SYS_TYPES_H 1
| #define HAVE_SYS_STAT_H 1
| #define HAVE_STDLIB_H 1
| #define HAVE_STRING_H 1
| #define HAVE_MEMORY_H 1
| #define HAVE_STRINGS_H 1
| #define HAVE_INTTYPES_H 1
| #define HAVE_STDINT_H 1
| #define HAVE_UNISTD_H 1
| #define HAVE_STRING_H 1
| #define HAVE_STRINGS_H 1
| #define HAVE_MEMORY_H 1
| #define HAVE_MALLOC_H 1
| #define HAVE_UNISTD_H 1
| #define HAVE_CTYPE_H 1
| #define HAVE_STDINT_H 1
| #define HAVE_SYS_TYPES_H 1
| #define HAVE_STDLIB_H 1
| #define HAVE_FCNTL_H 1
| #define HAVE_SYS_FILE_H 1
| #define HAVE_FLOCK 1
| #define HAVE_SOCKET 1
| #define HAVE_HTONL 1
| #define HAVE_GETHOSTNAME 1
| #define HAVE_GETHOSTBYADDR 1
| /* end confdefs.h.  */
| /* Define __yp_get_default_domain to an innocuous variant, in case <limits.h> declares __yp_get_default_domain.
|    For example, HP-UX 11i <limits.h> declares gettimeofday.  */
| #define __yp_get_default_domain innocuous___yp_get_default_domain
| 
| /* System header to define __stub macros and hopefully few prototypes,
|     which can conflict with char __yp_get_default_domain (); below.
|     Prefer <limits.h> to <assert.h> if __STDC__ is defined, since
|     <limits.h> exists even on freestanding compilers.  */
| 
| #ifdef __STDC__
| # include <limits.h>
| #else
| # include <assert.h>
| #endif
| 
| #undef __yp_get_default_domain
| 
| /* Override any GCC internal prototype to avoid an error.
|    Use char because int might match the return type of a GCC
|    builtin and then its argument prototype would still apply.  */
| #ifdef __cplusplus
| extern "C"
| #endif
| char __yp_get_default_domain ();
| /* The GNU C library defines this for functions which it implements
|     to always fail with ENOSYS.  Some functions are actually named
|     something starting with __ and the normal name is an alias.  */
| #if defined __stub___yp_get_default_domain || defined __stub_____yp_get_default_domain
| choke me
| #endif
| 
| int
| main ()
| {
| return __yp_get_default_domain ();
|   ;
|   return 0;
| }
configure:4128: result: no
configure:4151: checking for yp_get_default_domain in -lnsl
configure:4176: gcc -o conftest -g -O2 -Wall   conftest.c -lnsl   >&5
configure:4176: $? = 0
configure:4185: result: yes
configure:4247: gcc -o conftest -g -O2 -Wall   conftest.c  -lnsl >&5
conftest.c:35: warning: return type defaults to 'int'
configure:4247: $? = 0
configure:4247: ./conftest
configure:4247: $? = 0
configure:4293: checking for res_search
configure:4293: gcc -o conftest -g -O2 -Wall   conftest.c -lnsl  >&5
/tmp/ccrwmVGQ.o: In function `main':
/home/1003-belkin-mailsend/CI005-ipv6-r11916-belkin-20130530/linux/embedded_rootfs/pkg_addon/mailsend1.16/conftest.c:71: undefined reference to `res_search'
collect2: ld returned 1 exit status
configure:4293: $? = 1
configure: failed program was:
| /* confdefs.h */
| #define PACKAGE_NAME ""
| #define PACKAGE_TARNAME ""
| #define PACKAGE_VERSION ""
| #define PACKAGE_STRING ""
| #define PACKAGE_BUGREPORT ""
| #define PACKAGE_URL ""
| #define STDC_HEADERS 1
| #define HAVE_SYS_TYPES_H 1
| #define HAVE_SYS_STAT_H 1
| #define HAVE_STDLIB_H 1
| #define HAVE_STRING_H 1
| #define HAVE_MEMORY_H 1
| #define HAVE_STRINGS_H 1
| #define HAVE_INTTYPES_H 1
| #define HAVE_STDINT_H 1
| #define HAVE_UNISTD_H 1
| #define HAVE_STRING_H 1
| #define HAVE_STRINGS_H 1
| #define HAVE_MEMORY_H 1
| #define HAVE_MALLOC_H 1
| #define HAVE_UNISTD_H 1
| #define HAVE_CTYPE_H 1
| #define HAVE_STDINT_H 1
| #define HAVE_SYS_TYPES_H 1
| #define HAVE_STDLIB_H 1
| #define HAVE_FCNTL_H 1
| #define HAVE_SYS_FILE_H 1
| #define HAVE_FLOCK 1
| #define HAVE_SOCKET 1
| #define HAVE_HTONL 1
| #define HAVE_GETHOSTNAME 1
| #define HAVE_GETHOSTBYADDR 1
| #define HAVE_YP_GET_DEFAULT_DOMAIN 1
| #define HAVE_LIBNSL 1
| /* end confdefs.h.  */
| /* Define res_search to an innocuous variant, in case <limits.h> declares res_search.
|    For example, HP-UX 11i <limits.h> declares gettimeofday.  */
| #define res_search innocuous_res_search
| 
| /* System header to define __stub macros and hopefully few prototypes,
|     which can conflict with char res_search (); below.
|     Prefer <limits.h> to <assert.h> if __STDC__ is defined, since
|     <limits.h> exists even on freestanding compilers.  */
| 
| #ifdef __STDC__
| # include <limits.h>
| #else
| # include <assert.h>
| #endif
| 
| #undef res_search
| 
| /* Override any GCC internal prototype to avoid an error.
|    Use char because int might match the return type of a GCC
|    builtin and then its argument prototype would still apply.  */
| #ifdef __cplusplus
| extern "C"
| #endif
| char res_search ();
| /* The GNU C library defines this for functions which it implements
|     to always fail with ENOSYS.  Some functions are actually named
|     something starting with __ and the normal name is an alias.  */
| #if defined __stub_res_search || defined __stub___res_search
| choke me
| #endif
| 
| int
| main ()
| {
| return res_search ();
|   ;
|   return 0;
| }
configure:4293: result: no
configure:4297: checking for __res_search
configure:4297: gcc -o conftest -g -O2 -Wall   conftest.c -lnsl  >&5
/tmp/ccsaddVS.o: In function `main':
/home/1003-belkin-mailsend/CI005-ipv6-r11916-belkin-20130530/linux/embedded_rootfs/pkg_addon/mailsend1.16/conftest.c:71: undefined reference to `__res_search'
collect2: ld returned 1 exit status
configure:4297: $? = 1
configure: failed program was:
| /* confdefs.h */
| #define PACKAGE_NAME ""
| #define PACKAGE_TARNAME ""
| #define PACKAGE_VERSION ""
| #define PACKAGE_STRING ""
| #define PACKAGE_BUGREPORT ""
| #define PACKAGE_URL ""
| #define STDC_HEADERS 1
| #define HAVE_SYS_TYPES_H 1
| #define HAVE_SYS_STAT_H 1
| #define HAVE_STDLIB_H 1
| #define HAVE_STRING_H 1
| #define HAVE_MEMORY_H 1
| #define HAVE_STRINGS_H 1
| #define HAVE_INTTYPES_H 1
| #define HAVE_STDINT_H 1
| #define HAVE_UNISTD_H 1
| #define HAVE_STRING_H 1
| #define HAVE_STRINGS_H 1
| #define HAVE_MEMORY_H 1
| #define HAVE_MALLOC_H 1
| #define HAVE_UNISTD_H 1
| #define HAVE_CTYPE_H 1
| #define HAVE_STDINT_H 1
| #define HAVE_SYS_TYPES_H 1
| #define HAVE_STDLIB_H 1
| #define HAVE_FCNTL_H 1
| #define HAVE_SYS_FILE_H 1
| #define HAVE_FLOCK 1
| #define HAVE_SOCKET 1
| #define HAVE_HTONL 1
| #define HAVE_GETHOSTNAME 1
| #define HAVE_GETHOSTBYADDR 1
| #define HAVE_YP_GET_DEFAULT_DOMAIN 1
| #define HAVE_LIBNSL 1
| /* end confdefs.h.  */
| /* Define __res_search to an innocuous variant, in case <limits.h> declares __res_search.
|    For example, HP-UX 11i <limits.h> declares gettimeofday.  */
| #define __res_search innocuous___res_search
| 
| /* System header to define __stub macros and hopefully few prototypes,
|     which can conflict with char __res_search (); below.
|     Prefer <limits.h> to <assert.h> if __STDC__ is defined, since
|     <limits.h> exists even on freestanding compilers.  */
| 
| #ifdef __STDC__
| # include <limits.h>
| #else
| # include <assert.h>
| #endif
| 
| #undef __res_search
| 
| /* Override any GCC internal prototype to avoid an error.
|    Use char because int might match the return type of a GCC
|    builtin and then its argument prototype would still apply.  */
| #ifdef __cplusplus
| extern "C"
| #endif
| char __res_search ();
| /* The GNU C library defines this for functions which it implements
|     to always fail with ENOSYS.  Some functions are actually named
|     something starting with __ and the normal name is an alias.  */
| #if defined __stub___res_search || defined __stub_____res_search
| choke me
| #endif
| 
| int
| main ()
| {
| return __res_search ();
|   ;
|   return 0;
| }
configure:4297: result: no
configure:4320: checking for res_search in -lresolv
configure:4345: gcc -o conftest -g -O2 -Wall   conftest.c -lresolv  -lnsl  >&5
configure:4345: $? = 0
configure:4354: result: yes
configure:4416: gcc -o conftest -g -O2 -Wall   conftest.c -lnsl  -lresolv >&5
conftest.c:37: warning: return type defaults to 'int'
configure:4416: $? = 0
configure:4416: ./conftest
configure:4416: $? = 0
configure:4732: checking for inet_aton
configure:4732: gcc -o conftest -g -O2 -Wall   conftest.c -lresolv -lnsl  >&5
configure:4732: $? = 0
configure:4732: result: yes
configure:5035: checking for dn_skipname
configure:5035: gcc -o conftest -g -O2 -Wall   conftest.c -lresolv -lnsl  >&5
/tmp/ccD7q3xg.o: In function `main':
/home/1003-belkin-mailsend/CI005-ipv6-r11916-belkin-20130530/linux/embedded_rootfs/pkg_addon/mailsend1.16/conftest.c:74: undefined reference to `dn_skipname'
collect2: ld returned 1 exit status
configure:5035: $? = 1
configure: failed program was:
| /* confdefs.h */
| #define PACKAGE_NAME ""
| #define PACKAGE_TARNAME ""
| #define PACKAGE_VERSION ""
| #define PACKAGE_STRING ""
| #define PACKAGE_BUGREPORT ""
| #define PACKAGE_URL ""
| #define STDC_HEADERS 1
| #define HAVE_SYS_TYPES_H 1
| #define HAVE_SYS_STAT_H 1
| #define HAVE_STDLIB_H 1
| #define HAVE_STRING_H 1
| #define HAVE_MEMORY_H 1
| #define HAVE_STRINGS_H 1
| #define HAVE_INTTYPES_H 1
| #define HAVE_STDINT_H 1
| #define HAVE_UNISTD_H 1
| #define HAVE_STRING_H 1
| #define HAVE_STRINGS_H 1
| #define HAVE_MEMORY_H 1
| #define HAVE_MALLOC_H 1
| #define HAVE_UNISTD_H 1
| #define HAVE_CTYPE_H 1
| #define HAVE_STDINT_H 1
| #define HAVE_SYS_TYPES_H 1
| #define HAVE_STDLIB_H 1
| #define HAVE_FCNTL_H 1
| #define HAVE_SYS_FILE_H 1
| #define HAVE_FLOCK 1
| #define HAVE_SOCKET 1
| #define HAVE_HTONL 1
| #define HAVE_GETHOSTNAME 1
| #define HAVE_GETHOSTBYADDR 1
| #define HAVE_YP_GET_DEFAULT_DOMAIN 1
| #define HAVE_LIBNSL 1
| #define HAVE_RES_SEARCH 1
| #define HAVE_LIBRESOLV 1
| #define HAVE_INET_ATON 1
| /* end confdefs.h.  */
| /* Define dn_skipname to an innocuous variant, in case <limits.h> declares dn_skipname.
|    For example, HP-UX 11i <limits.h> declares gettimeofday.  */
| #define dn_skipname innocuous_dn_skipname
| 
| /* System header to define __stub macros and hopefully few prototypes,
|     which can conflict with char dn_skipname (); below.
|     Prefer <limits.h> to <assert.h> if __STDC__ is defined, since
|     <limits.h> exists even on freestanding compilers.  */
| 
| #ifdef __STDC__
| # include <limits.h>
| #else
| # include <assert.h>
| #endif
| 
| #undef dn_skipname
| 
| /* Override any GCC internal prototype to avoid an error.
|    Use char because int might match the return type of a GCC
|    builtin and then its argument prototype would still apply.  */
| #ifdef __cplusplus
| extern "C"
| #endif
| char dn_skipname ();
| /* The GNU C library defines this for functions which it implements
|     to always fail with ENOSYS.  Some functions are actually named
|     something starting with __ and the normal name is an alias.  */
| #if defined __stub_dn_skipname || defined __stub___dn_skipname
| choke me
| #endif
| 
| int
| main ()
| {
| return dn_skipname ();
|   ;
|   return 0;
| }
configure:5035: result: no
configure:5039: checking for __dn_skipname
configure:5039: gcc -o conftest -g -O2 -Wall   conftest.c -lresolv -lnsl  >&5
configure:5039: $? = 0
configure:5039: result: yes
configure:5338: checking for mkstemp
configure:5338: gcc -o conftest -g -O2 -Wall   conftest.c -lresolv -lnsl  >&5
configure:5338: $? = 0
configure:5338: result: yes
configure:5364: checking for OpenSSL
configure:5427: result: no
configure:5637: creating ./config.status

## ---------------------- ##
## Running config.status. ##
## ---------------------- ##

This file was extended by config.status, which was
generated by GNU Autoconf 2.68.  Invocation command line was

  CONFIG_FILES    = 
  CONFIG_HEADERS  = 
  CONFIG_LINKS    = 
  CONFIG_COMMANDS = 
  $ ./config.status 

on fangchih-fedora

config.status:747: creating Makefile
config.status:747: creating libs/libmsock/Makefile
config.status:747: creating libs/libmutils/Makefile
config.status:747: creating libs/libsll/Makefile

## ---------------- ##
## Cache variables. ##
## ---------------- ##

ac_cv_c_compiler_gnu=yes
ac_cv_env_CC_set=
ac_cv_env_CC_value=
ac_cv_env_CFLAGS_set=
ac_cv_env_CFLAGS_value=
ac_cv_env_CPPFLAGS_set=
ac_cv_env_CPPFLAGS_value=
ac_cv_env_CPP_set=
ac_cv_env_CPP_value=
ac_cv_env_LDFLAGS_set=
ac_cv_env_LDFLAGS_value=
ac_cv_env_LIBS_set=
ac_cv_env_LIBS_value=
ac_cv_env_build_alias_set=
ac_cv_env_build_alias_value=
ac_cv_env_host_alias_set=
ac_cv_env_host_alias_value=
ac_cv_env_target_alias_set=
ac_cv_env_target_alias_value=
ac_cv_func___dn_skipname=yes
ac_cv_func___res_search=no
ac_cv_func___yp_get_default_domain=no
ac_cv_func_dn_skipname=yes
ac_cv_func_flock=yes
ac_cv_func_gethostbyaddr=yes
ac_cv_func_gethostname=yes
ac_cv_func_htonl=yes
ac_cv_func_inet_aton=yes
ac_cv_func_mkstemp=yes
ac_cv_func_res_search=yes
ac_cv_func_socket=yes
ac_cv_func_yp_get_default_domain=yes
ac_cv_header_ctype_h=yes
ac_cv_header_fcntl_h=yes
ac_cv_header_inttypes_h=yes
ac_cv_header_limits=no
ac_cv_header_malloc_h=yes
ac_cv_header_memory_h=yes
ac_cv_header_stdc=yes
ac_cv_header_stdint_h=yes
ac_cv_header_stdlib_h=yes
ac_cv_header_string_h=yes
ac_cv_header_strings_h=yes
ac_cv_header_sys_file_h=yes
ac_cv_header_sys_stat_h=yes
ac_cv_header_sys_types_h=yes
ac_cv_header_unistd_h=yes
ac_cv_lib_nsl_yp_get_default_domain=yes
ac_cv_lib_resolv_res_search=yes
ac_cv_objext=o
ac_cv_path_EGREP='/bin/grep -E'
ac_cv_path_GREP=/bin/grep
ac_cv_prog_CPP='gcc -E'
ac_cv_prog_ac_ct_CC=gcc
ac_cv_prog_ac_ct_RANLIB=ranlib
ac_cv_prog_cc_c89=
ac_cv_prog_cc_g=yes
ac_cv_prog_make_make_set=yes
openssl_cv_dir=/home/1003-belkin-mailsend/CI005-ipv6-r11916-belkin-20130530/linux/embedded_rootfs/build/openssl-1.0.0a/
openssl_cv_includes=/home/1003-belkin-mailsend/CI005-ipv6-r11916-belkin-20130530/linux/embedded_rootfs/build/openssl-1.0.0a//include
openssl_cv_libraries=/home/1003-belkin-mailsend/CI005-ipv6-r11916-belkin-20130530/linux/embedded_rootfs/build/openssl-1.0.0a//lib

## ----------------- ##
## Output variables. ##
## ----------------- ##

CC='gcc'
CFLAGS='-g -O2 -Wall'
CPP='gcc -E'
CPPFLAGS=''
DEFS='-DPACKAGE_NAME=\"\" -DPACKAGE_TARNAME=\"\" -DPACKAGE_VERSION=\"\" -DPACKAGE_STRING=\"\" -DPACKAGE_BUGREPORT=\"\" -DPACKAGE_URL=\"\" -DSTDC_HEADERS=1 -DHAVE_SYS_TYPES_H=1 -DHAVE_SYS_STAT_H=1 -DHAVE_STDLIB_H=1 -DHAVE_STRING_H=1 -DHAVE_MEMORY_H=1 -DHAVE_STRINGS_H=1 -DHAVE_INTTYPES_H=1 -DHAVE_STDINT_H=1 -DHAVE_UNISTD_H=1 -DHAVE_STRING_H=1 -DHAVE_STRINGS_H=1 -DHAVE_MEMORY_H=1 -DHAVE_MALLOC_H=1 -DHAVE_UNISTD_H=1 -DHAVE_CTYPE_H=1 -DHAVE_STDINT_H=1 -DHAVE_SYS_TYPES_H=1 -DHAVE_STDLIB_H=1 -DHAVE_FCNTL_H=1 -DHAVE_SYS_FILE_H=1 -DHAVE_FLOCK=1 -DHAVE_SOCKET=1 -DHAVE_HTONL=1 -DHAVE_GETHOSTNAME=1 -DHAVE_GETHOSTBYADDR=1 -DHAVE_YP_GET_DEFAULT_DOMAIN=1 -DHAVE_LIBNSL=1 -DHAVE_RES_SEARCH=1 -DHAVE_LIBRESOLV=1 -DHAVE_INET_ATON=1 -DHAVE_DN_SKIPNAME=1 -DHAVE_MKSTEMP=1'
DL_LIB=''
ECHO_C=''
ECHO_N='-n'
ECHO_T=''
EGREP='/bin/grep -E'
EXEEXT=''
GREP='/bin/grep'
LDFLAGS=''
LIBOBJS=''
LIBS='-lresolv -lnsl '
LTLIBOBJS=''
OBJEXT='o'
OPENSSL_DIR='/home/1003-belkin-mailsend/CI005-ipv6-r11916-belkin-20130530/linux/embedded_rootfs/build/openssl-1.0.0a/'
OPENSSL_INC='-I/home/1003-belkin-mailsend/CI005-ipv6-r11916-belkin-20130530/linux/embedded_rootfs/build/openssl-1.0.0a//include'
OPENSSL_LIBS=''
PACKAGE_BUGREPORT=''
PACKAGE_NAME=''
PACKAGE_STRING=''
PACKAGE_TARNAME=''
PACKAGE_URL=''
PACKAGE_VERSION=''
PATH_SEPARATOR=':'
RANLIB='ranlib'
SET_MAKE=''
SHELL='/bin/sh'
ac_ct_CC='gcc'
bindir='${exec_prefix}/bin'
build_alias=''
datadir='${datarootdir}'
datarootdir='${prefix}/share'
docdir='${datarootdir}/doc/${PACKAGE}'
dvidir='${docdir}'
exec_prefix='${prefix}'
host_alias=''
htmldir='${docdir}'
includedir='${prefix}/include'
infodir='${datarootdir}/info'
libdir='${exec_prefix}/lib'
libexecdir='${exec_prefix}/libexec'
localedir='${datarootdir}/locale'
localstatedir='${prefix}/var'
mandir='${datarootdir}/man'
oldincludedir='/usr/include'
pdfdir='${docdir}'
prefix='/usr/local'
program_transform_name='s,x,x,'
psdir='${docdir}'
sbindir='${exec_prefix}/sbin'
sharedstatedir='${prefix}/com'
sysconfdir='${prefix}/etc'
target_alias=''

## ----------- ##
## confdefs.h. ##
## ----------- ##

/* confdefs.h */
#define PACKAGE_NAME ""
#define PACKAGE_TARNAME ""
#define PACKAGE_VERSION ""
#define PACKAGE_STRING ""
#define PACKAGE_BUGREPORT ""
#define PACKAGE_URL ""
#define STDC_HEADERS 1
#define HAVE_SYS_TYPES_H 1
#define HAVE_SYS_STAT_H 1
#define HAVE_STDLIB_H 1
#define HAVE_STRING_H 1
#define HAVE_MEMORY_H 1
#define HAVE_STRINGS_H 1
#define HAVE_INTTYPES_H 1
#define HAVE_STDINT_H 1
#define HAVE_UNISTD_H 1
#define HAVE_STRING_H 1
#define HAVE_STRINGS_H 1
#define HAVE_MEMORY_H 1
#define HAVE_MALLOC_H 1
#define HAVE_UNISTD_H 1
#define HAVE_CTYPE_H 1
#define HAVE_STDINT_H 1
#define HAVE_SYS_TYPES_H 1
#define HAVE_STDLIB_H 1
#define HAVE_FCNTL_H 1
#define HAVE_SYS_FILE_H 1
#define HAVE_FLOCK 1
#define HAVE_SOCKET 1
#define HAVE_HTONL 1
#define HAVE_GETHOSTNAME 1
#define HAVE_GETHOSTBYADDR 1
#define HAVE_YP_GET_DEFAULT_DOMAIN 1
#define HAVE_LIBNSL 1
#define HAVE_RES_SEARCH 1
#define HAVE_LIBRESOLV 1
#define HAVE_INET_ATON 1
#define HAVE_DN_SKIPNAME 1
#define HAVE_MKSTEMP 1

configure: exit 0

## ---------------------- ##
## Running config.status. ##
## ---------------------- ##

This file was extended by config.status, which was
generated by GNU Autoconf 2.68.  Invocation command line was

  CONFIG_FILES    = 
  CONFIG_HEADERS  = 
  CONFIG_LINKS    = 
  CONFIG_COMMANDS = 
  $ ./config.status 

on fangchih-fedora

config.status:748: creating Makefile
config.status:748: creating libs/libmsock/Makefile
config.status:748: creating libs/libmutils/Makefile
config.status:748: creating libs/libsll/Makefile
